Build started 11/11/2014 12:12:35 PM.
     1>Project "C:\Users\Divya\Documents\Self organization\Cellular Automata\TrafficSimulation\TrafficSimulation\TrafficSimulation\TrafficSimulation.vcxproj" on node 2 (build target(s)).
     1>InitializeBuildStatus:
         Creating "Debug\TrafficSimulation.unsuccessfulbuild" because "AlwaysCreate" was specified.
       ClCompile:
         C:\Program Files (x86)\Microsoft Visual Studio 10.0\VC\bin\CL.exe /c /ZI /nologo /W3 /WX- /Od /Oy- /D WIN32 /D _DEBUG /D _CONSOLE /D _UNICODE /D UNICODE /Gm /EHsc /RTC1 /MDd /GS /fp:precise /Zc:wchar_t /Zc:forScope /Fo"Debug\\" /Fd"Debug\vc100.pdb" /Gd /TP /analyze- /errorReport:prompt Lane.cpp Road.cpp Vehicle.cpp main.cpp
         Vehicle.cpp
         Road.cpp
     1>c:\users\divya\documents\self organization\cellular automata\trafficsimulation\trafficsimulation\trafficsimulation\road.cpp(17): warning C4244: '=' : conversion from 'float' to 'int', possible loss of data
         Lane.cpp
         Generating Code...
         Skipping... (no relevant changes detected)
         main.cpp
       ManifestResourceCompile:
         All outputs are up-to-date.
       Link:
         C:\Program Files (x86)\Microsoft Visual Studio 10.0\VC\bin\link.exe /ERRORREPORT:PROMPT /OUT:"C:\Users\Divya\Documents\Self organization\Cellular Automata\TrafficSimulation\TrafficSimulation\Debug\TrafficSimulation.exe" /INCREMENTAL /NOLOGO kernel32.lib user32.lib gdi32.lib winspool.lib comdlg32.lib advapi32.lib shell32.lib ole32.lib oleaut32.lib uuid.lib odbc32.lib odbccp32.lib /MANIFEST /ManifestFile:"Debug\TrafficSimulation.exe.intermediate.manifest" /MANIFESTUAC:"level='asInvoker' uiAccess='false'" /DEBUG /PDB:"C:\Users\Divya\Documents\Self organization\Cellular Automata\TrafficSimulation\TrafficSimulation\Debug\TrafficSimulation.pdb" /SUBSYSTEM:CONSOLE /TLBID:1 /DYNAMICBASE /NXCOMPAT /IMPLIB:"C:\Users\Divya\Documents\Self organization\Cellular Automata\TrafficSimulation\TrafficSimulation\Debug\TrafficSimulation.lib" /MACHINE:X86 Debug\TrafficSimulation.exe.embed.manifest.res
         Debug\Lane.obj
         Debug\main.obj
         Debug\Road.obj
         Debug\Vehicle.obj
       Manifest:
         C:\Program Files (x86)\Microsoft SDKs\Windows\v7.0A\bin\mt.exe /nologo /verbose /out:"Debug\TrafficSimulation.exe.embed.manifest" /manifest Debug\TrafficSimulation.exe.intermediate.manifest
         All outputs are up-to-date.
       LinkEmbedManifest:
         All outputs are up-to-date.
         TrafficSimulation.vcxproj -> C:\Users\Divya\Documents\Self organization\Cellular Automata\TrafficSimulation\TrafficSimulation\Debug\TrafficSimulation.exe
       FinalizeBuildStatus:
         Deleting file "Debug\TrafficSimulation.unsuccessfulbuild".
         Touching "Debug\TrafficSimulation.lastbuildstate".
     1>Done Building Project "C:\Users\Divya\Documents\Self organization\Cellular Automata\TrafficSimulation\TrafficSimulation\TrafficSimulation\TrafficSimulation.vcxproj" (build target(s)).

Build succeeded.

Time Elapsed 00:00:02.04
