C:\USERS\DIVYA\DOCUMENTS\SELF ORGANIZATION\CELLULAR AUTOMATA\TRAFFICSIMULATION\TRAFFICSIMULATION\DEBUG\TRAFFICSIMULATION.EXE
C:\USERS\DIVYA\DOCUMENTS\SELF ORGANIZATION\CELLULAR AUTOMATA\TRAFFICSIMULATION\TRAFFICSIMULATION\DEBUG\TRAFFICSIMULATION.ILK
C:\USERS\DIVYA\DOCUMENTS\SELF ORGANIZATION\CELLULAR AUTOMATA\TRAFFICSIMULATION\TRAFFICSIMULATION\DEBUG\TRAFFICSIMULATION.PDB
C:\Users\Divya\Documents\Self organization\Cellular Automata\TrafficSimulation\TrafficSimulation\TrafficSimulation\Debug\cl.command.1.tlog
C:\Users\Divya\Documents\Self organization\Cellular Automata\TrafficSimulation\TrafficSimulation\TrafficSimulation\Debug\CL.read.1.tlog
C:\Users\Divya\Documents\Self organization\Cellular Automata\TrafficSimulation\TrafficSimulation\TrafficSimulation\Debug\CL.write.1.tlog
C:\USERS\DIVYA\DOCUMENTS\SELF ORGANIZATION\CELLULAR AUTOMATA\TRAFFICSIMULATION\TRAFFICSIMULATION\TRAFFICSIMULATION\DEBUG\LANE.OBJ
C:\Users\Divya\Documents\Self organization\Cellular Automata\TrafficSimulation\TrafficSimulation\TrafficSimulation\Debug\link.47384.read.1.tlog
C:\Users\Divya\Documents\Self organization\Cellular Automata\TrafficSimulation\TrafficSimulation\TrafficSimulation\Debug\link.47384.write.1.tlog
C:\Users\Divya\Documents\Self organization\Cellular Automata\TrafficSimulation\TrafficSimulation\TrafficSimulation\Debug\link.47384-cvtres.read.1.tlog
C:\Users\Divya\Documents\Self organization\Cellular Automata\TrafficSimulation\TrafficSimulation\TrafficSimulation\Debug\link.47384-cvtres.write.1.tlog
C:\Users\Divya\Documents\Self organization\Cellular Automata\TrafficSimulation\TrafficSimulation\TrafficSimulation\Debug\link.command.1.tlog
C:\Users\Divya\Documents\Self organization\Cellular Automata\TrafficSimulation\TrafficSimulation\TrafficSimulation\Debug\link.read.1.tlog
C:\Users\Divya\Documents\Self organization\Cellular Automata\TrafficSimulation\TrafficSimulation\TrafficSimulation\Debug\link.write.1.tlog
C:\Users\Divya\Documents\Self organization\Cellular Automata\TrafficSimulation\TrafficSimulation\TrafficSimulation\Debug\link-cvtres.read.1.tlog
C:\Users\Divya\Documents\Self organization\Cellular Automata\TrafficSimulation\TrafficSimulation\TrafficSimulation\Debug\link-cvtres.write.1.tlog
C:\USERS\DIVYA\DOCUMENTS\SELF ORGANIZATION\CELLULAR AUTOMATA\TRAFFICSIMULATION\TRAFFICSIMULATION\TRAFFICSIMULATION\DEBUG\MAIN.OBJ
C:\Users\Divya\Documents\Self organization\Cellular Automata\TrafficSimulation\TrafficSimulation\TrafficSimulation\Debug\mt.command.1.tlog
C:\Users\Divya\Documents\Self organization\Cellular Automata\TrafficSimulation\TrafficSimulation\TrafficSimulation\Debug\mt.read.1.tlog
C:\Users\Divya\Documents\Self organization\Cellular Automata\TrafficSimulation\TrafficSimulation\TrafficSimulation\Debug\mt.write.1.tlog
C:\Users\Divya\Documents\Self organization\Cellular Automata\TrafficSimulation\TrafficSimulation\TrafficSimulation\Debug\rc.command.1.tlog
C:\Users\Divya\Documents\Self organization\Cellular Automata\TrafficSimulation\TrafficSimulation\TrafficSimulation\Debug\rc.read.1.tlog
C:\Users\Divya\Documents\Self organization\Cellular Automata\TrafficSimulation\TrafficSimulation\TrafficSimulation\Debug\rc.write.1.tlog
C:\USERS\DIVYA\DOCUMENTS\SELF ORGANIZATION\CELLULAR AUTOMATA\TRAFFICSIMULATION\TRAFFICSIMULATION\TRAFFICSIMULATION\DEBUG\ROAD.OBJ
C:\USERS\DIVYA\DOCUMENTS\SELF ORGANIZATION\CELLULAR AUTOMATA\TRAFFICSIMULATION\TRAFFICSIMULATION\TRAFFICSIMULATION\DEBUG\TRAFFICSIMULATION.EXE.EMBED.MANIFEST
C:\USERS\DIVYA\DOCUMENTS\SELF ORGANIZATION\CELLULAR AUTOMATA\TRAFFICSIMULATION\TRAFFICSIMULATION\TRAFFICSIMULATION\DEBUG\TRAFFICSIMULATION.EXE.EMBED.MANIFEST.RES
C:\USERS\DIVYA\DOCUMENTS\SELF ORGANIZATION\CELLULAR AUTOMATA\TRAFFICSIMULATION\TRAFFICSIMULATION\TRAFFICSIMULATION\DEBUG\TRAFFICSIMULATION.EXE.INTERMEDIATE.MANIFEST
C:\Users\Divya\Documents\Self organization\Cellular Automata\TrafficSimulation\TrafficSimulation\TrafficSimulation\Debug\TrafficSimulation.vcxprojResolveAssemblyReference.cache
C:\Users\Divya\Documents\Self organization\Cellular Automata\TrafficSimulation\TrafficSimulation\TrafficSimulation\Debug\TrafficSimulation.write.1.tlog
C:\Users\Divya\Documents\Self organization\Cellular Automata\TrafficSimulation\TrafficSimulation\TrafficSimulation\Debug\TrafficSimulation_manifest.rc
C:\Users\Divya\Documents\Self organization\Cellular Automata\TrafficSimulation\TrafficSimulation\TrafficSimulation\Debug\vc100.idb
C:\USERS\DIVYA\DOCUMENTS\SELF ORGANIZATION\CELLULAR AUTOMATA\TRAFFICSIMULATION\TRAFFICSIMULATION\TRAFFICSIMULATION\DEBUG\VC100.PDB
C:\USERS\DIVYA\DOCUMENTS\SELF ORGANIZATION\CELLULAR AUTOMATA\TRAFFICSIMULATION\TRAFFICSIMULATION\TRAFFICSIMULATION\DEBUG\VEHICLE.OBJ
